0 info it worked if it ends with ok
1 verbose cli [ '/opt/atom/resources/app/apm/node_modules/atom-package-manager/bin/node',
1 verbose cli   '/opt/atom/resources/app/apm/node_modules/atom-package-manager/node_modules/npm/bin/npm-cli.js',
1 verbose cli   '--globalconfig',
1 verbose cli   '/opt/atom/resources/app/apm/node_modules/atom-package-manager/.apmrc',
1 verbose cli   '--userconfig',
1 verbose cli   '/home/krishna/.atom/.apmrc',
1 verbose cli   'install',
1 verbose cli   '--target=0.18.0',
1 verbose cli   '--arch=ia32' ]
2 info using npm@1.4.4
3 info using node@v0.10.32
4 error install Couldn't read dependencies
5 error package.json ENOENT, open '/home/krishna/Documents/CodeJamStuffs/IntenseTraining/Codechef/MarchLong2017/package.json'
5 error package.json This is most likely not a problem with npm itself.
5 error package.json npm can't find a package.json file in your current directory.
6 error System Linux 4.4.0-66-generic
7 error command "/opt/atom/resources/app/apm/node_modules/atom-package-manager/bin/node" "/opt/atom/resources/app/apm/node_modules/atom-package-manager/node_modules/npm/bin/npm-cli.js" "--globalconfig" "/opt/atom/resources/app/apm/node_modules/atom-package-manager/.apmrc" "--userconfig" "/home/krishna/.atom/.apmrc" "install" "--target=0.18.0" "--arch=ia32"
8 error cwd /home/krishna/Documents/CodeJamStuffs/IntenseTraining/Codechef/MarchLong2017
9 error node -v v0.10.32
10 error npm -v 1.4.4
11 error path /home/krishna/Documents/CodeJamStuffs/IntenseTraining/Codechef/MarchLong2017/package.json
12 error code ENOPACKAGEJSON
13 error errno 34
14 verbose exit [ 34, true ]
